mode: atomic
github.com/bots-planet/go-libs/mock/mock.go:10.71,12.16 2 1
github.com/bots-planet/go-libs/mock/mock.go:15.2,18.16 3 1
github.com/bots-planet/go-libs/mock/mock.go:22.2,22.62 1 1
github.com/bots-planet/go-libs/mock/mock.go:26.2,26.12 1 1
github.com/bots-planet/go-libs/mock/mock.go:12.16,14.3 1 0
github.com/bots-planet/go-libs/mock/mock.go:18.16,20.3 1 0
github.com/bots-planet/go-libs/mock/mock.go:22.62,24.3 1 0
github.com/bots-planet/go-libs/mock/mock.go:29.58,31.16 2 1
github.com/bots-planet/go-libs/mock/mock.go:34.2,37.16 3 1
github.com/bots-planet/go-libs/mock/mock.go:41.2,41.31 1 1
github.com/bots-planet/go-libs/mock/mock.go:31.16,33.3 1 0
github.com/bots-planet/go-libs/mock/mock.go:37.16,39.3 1 0
github.com/bots-planet/go-libs/client/client.go:35.36,37.2 1 0
github.com/bots-planet/go-libs/client/client.go:43.91,44.25 1 10
github.com/bots-planet/go-libs/client/client.go:48.2,57.33 2 10
github.com/bots-planet/go-libs/client/client.go:64.2,64.15 1 10
github.com/bots-planet/go-libs/client/client.go:44.25,46.3 1 10
github.com/bots-planet/go-libs/client/client.go:57.33,59.17 2 2
github.com/bots-planet/go-libs/client/client.go:59.17,61.4 1 0
github.com/bots-planet/go-libs/client/client.go:67.95,75.2 3 0
github.com/bots-planet/go-libs/client/client.go:78.70,80.2 1 0
github.com/bots-planet/go-libs/client/client.go:84.50,85.38 1 2
github.com/bots-planet/go-libs/client/client.go:85.38,89.3 2 2
github.com/bots-planet/go-libs/client/client.go:92.42,93.38 1 0
github.com/bots-planet/go-libs/client/client.go:93.38,94.21 1 0
github.com/bots-planet/go-libs/client/client.go:98.3,99.17 2 0
github.com/bots-planet/go-libs/client/client.go:103.3,103.13 1 0
github.com/bots-planet/go-libs/client/client.go:94.21,96.4 1 0
github.com/bots-planet/go-libs/client/client.go:99.17,101.4 1 0
github.com/bots-planet/go-libs/client/client.go:108.53,110.2 1 2
github.com/bots-planet/go-libs/client/client.go:113.51,114.20 1 0
github.com/bots-planet/go-libs/client/client.go:118.2,119.16 2 0
github.com/bots-planet/go-libs/client/client.go:123.2,125.12 2 0
github.com/bots-planet/go-libs/client/client.go:114.20,116.3 1 0
github.com/bots-planet/go-libs/client/client.go:119.16,121.3 1 0
github.com/bots-planet/go-libs/client/client.go:128.48,130.2 1 0
github.com/bots-planet/go-libs/client/client.go:132.80,136.2 2 2
github.com/bots-planet/go-libs/client/client.go:138.81,140.16 2 0
github.com/bots-planet/go-libs/client/client.go:144.2,146.66 2 0
github.com/bots-planet/go-libs/client/client.go:140.16,142.3 1 0
github.com/bots-planet/go-libs/client/client.go:149.110,151.16 2 2
github.com/bots-planet/go-libs/client/client.go:155.2,155.36 1 2
github.com/bots-planet/go-libs/client/client.go:159.2,160.16 2 2
github.com/bots-planet/go-libs/client/client.go:164.2,165.16 2 0
github.com/bots-planet/go-libs/client/client.go:169.2,169.12 1 0
github.com/bots-planet/go-libs/client/client.go:151.16,153.3 1 0
github.com/bots-planet/go-libs/client/client.go:155.36,157.3 1 0
github.com/bots-planet/go-libs/client/client.go:160.16,162.3 1 2
github.com/bots-planet/go-libs/client/client.go:165.16,167.3 1 0
github.com/bots-planet/go-libs/client/client.go:172.83,176.16 3 2
github.com/bots-planet/go-libs/client/client.go:180.2,181.16 2 0
github.com/bots-planet/go-libs/client/client.go:185.2,185.79 1 0
github.com/bots-planet/go-libs/client/client.go:199.2,201.16 3 0
github.com/bots-planet/go-libs/client/client.go:205.2,205.15 1 0
github.com/bots-planet/go-libs/client/client.go:176.16,178.3 1 2
github.com/bots-planet/go-libs/client/client.go:181.16,183.3 1 0
github.com/bots-planet/go-libs/client/client.go:185.79,188.18 3 0
github.com/bots-planet/go-libs/client/client.go:192.3,196.4 1 0
github.com/bots-planet/go-libs/client/client.go:188.18,190.4 1 0
github.com/bots-planet/go-libs/client/client.go:201.16,203.3 1 0
github.com/bots-planet/go-libs/client/client.go:208.47,210.16 2 10
github.com/bots-planet/go-libs/client/client.go:214.2,216.44 2 7
github.com/bots-planet/go-libs/client/client.go:210.16,212.3 1 3
github.com/bots-planet/go-libs/client/client.go:219.64,221.18 2 5
github.com/bots-planet/go-libs/client/client.go:225.2,227.48 2 2
github.com/bots-planet/go-libs/client/client.go:221.18,223.3 1 3
github.com/bots-planet/go-libs/client/client.go:230.63,231.17 1 0
github.com/bots-planet/go-libs/client/client.go:236.2,236.8 1 0
github.com/bots-planet/go-libs/client/client.go:231.17,234.3 2 0
github.com/bots-planet/go-libs/client/jsonrpc.go:43.88,47.47 3 0
github.com/bots-planet/go-libs/client/jsonrpc.go:51.2,51.23 1 0
github.com/bots-planet/go-libs/client/jsonrpc.go:55.2,55.31 1 0
github.com/bots-planet/go-libs/client/jsonrpc.go:47.47,49.3 1 0
github.com/bots-planet/go-libs/client/jsonrpc.go:51.23,53.3 1 0
github.com/bots-planet/go-libs/client/jsonrpc.go:58.81,62.47 3 0
github.com/bots-planet/go-libs/client/jsonrpc.go:66.2,66.23 1 0
github.com/bots-planet/go-libs/client/jsonrpc.go:70.2,70.33 1 0
github.com/bots-planet/go-libs/client/jsonrpc.go:62.47,64.3 1 0
github.com/bots-planet/go-libs/client/jsonrpc.go:66.23,68.3 1 0
github.com/bots-planet/go-libs/client/jsonrpc.go:73.77,76.72 2 0
github.com/bots-planet/go-libs/client/jsonrpc.go:80.2,80.18 1 0
github.com/bots-planet/go-libs/client/jsonrpc.go:76.72,78.3 1 0
github.com/bots-planet/go-libs/client/jsonrpc.go:83.35,85.2 1 0
github.com/bots-planet/go-libs/client/jsonrpc.go:87.59,89.16 2 0
github.com/bots-planet/go-libs/client/jsonrpc.go:93.2,93.50 1 0
github.com/bots-planet/go-libs/client/jsonrpc.go:97.2,97.12 1 0
github.com/bots-planet/go-libs/client/jsonrpc.go:89.16,91.3 1 0
github.com/bots-planet/go-libs/client/jsonrpc.go:93.50,95.3 1 0
github.com/bots-planet/go-libs/client/jsonrpc.go:100.55,101.23 1 2
github.com/bots-planet/go-libs/client/jsonrpc.go:106.2,106.11 1 2
github.com/bots-planet/go-libs/client/jsonrpc.go:101.23,104.3 2 3
github.com/bots-planet/go-libs/client/jsonrpc.go:109.20,113.2 2 3
github.com/bots-planet/go-libs/client/jsonrpc_batch.go:5.113,7.32 2 1
github.com/bots-planet/go-libs/client/jsonrpc_batch.go:16.2,16.8 1 1
github.com/bots-planet/go-libs/client/jsonrpc_batch.go:7.32,9.29 2 3
github.com/bots-planet/go-libs/client/jsonrpc_batch.go:13.3,13.36 1 3
github.com/bots-planet/go-libs/client/jsonrpc_batch.go:9.29,12.4 2 3
github.com/bots-planet/go-libs/client/jsonrpc_batch.go:19.83,23.31 3 4
github.com/bots-planet/go-libs/client/jsonrpc_batch.go:33.2,35.8 2 4
github.com/bots-planet/go-libs/client/jsonrpc_batch.go:23.31,24.24 1 36
github.com/bots-planet/go-libs/client/jsonrpc_batch.go:29.3,30.29 2 36
github.com/bots-planet/go-libs/client/jsonrpc_batch.go:24.24,28.4 3 5
github.com/bots-planet/go-libs/sentry/sentry.go:19.52,25.16 2 0
github.com/bots-planet/go-libs/sentry/sentry.go:29.2,36.25 7 0
github.com/bots-planet/go-libs/sentry/sentry.go:42.2,44.12 2 0
github.com/bots-planet/go-libs/sentry/sentry.go:25.16,27.3 1 0
github.com/bots-planet/go-libs/sentry/sentry.go:36.25,37.32 1 0
github.com/bots-planet/go-libs/sentry/sentry.go:37.32,39.4 1 0
github.com/bots-planet/go-libs/sentry/sentry.go:47.48,48.52 1 0
github.com/bots-planet/go-libs/sentry/sentry.go:48.52,52.3 2 0
github.com/bots-planet/go-libs/sentry/sentry.go:55.41,56.52 1 0
github.com/bots-planet/go-libs/sentry/sentry.go:56.52,60.3 2 0
github.com/bots-planet/go-libs/sentry/sentry.go:63.44,64.52 1 0
github.com/bots-planet/go-libs/sentry/sentry.go:64.52,68.3 2 0
github.com/bots-planet/go-libs/sentry/sentry.go:71.46,72.52 1 0
github.com/bots-planet/go-libs/sentry/sentry.go:72.52,73.55 1 0
github.com/bots-planet/go-libs/sentry/sentry.go:77.3,77.13 1 0
github.com/bots-planet/go-libs/sentry/sentry.go:73.55,75.4 1 0
github.com/bots-planet/go-libs/sentry/sentry.go:81.42,82.52 1 0
github.com/bots-planet/go-libs/sentry/sentry.go:82.52,86.3 2 0
github.com/bots-planet/go-libs/sentry/sentry.go:89.41,90.52 1 0
github.com/bots-planet/go-libs/sentry/sentry.go:90.52,94.3 2 0
github.com/bots-planet/go-libs/sentry/sentry.go:97.42,98.52 1 0
github.com/bots-planet/go-libs/sentry/sentry.go:98.52,99.50 1 0
github.com/bots-planet/go-libs/sentry/sentry.go:103.3,103.13 1 0
github.com/bots-planet/go-libs/sentry/sentry.go:99.50,101.4 1 0
github.com/bots-planet/go-libs/sentry/sentry.go:107.50,108.52 1 0
github.com/bots-planet/go-libs/sentry/sentry.go:108.52,112.3 2 0
github.com/bots-planet/go-libs/sentry/sentry.go:115.44,116.52 1 0
github.com/bots-planet/go-libs/sentry/sentry.go:116.52,120.3 2 0
github.com/bots-planet/go-libs/sentry/sentry.go:123.47,124.52 1 0
github.com/bots-planet/go-libs/sentry/sentry.go:124.52,128.3 2 0
github.com/bots-planet/go-libs/sentry/sentry.go:132.69,135.70 2 0
github.com/bots-planet/go-libs/sentry/sentry.go:148.2,148.12 1 0
github.com/bots-planet/go-libs/sentry/sentry.go:135.70,146.3 1 0
github.com/bots-planet/go-libs/sentry/sentry.go:153.96,154.52 1 0
github.com/bots-planet/go-libs/sentry/sentry.go:154.52,155.40 1 0
github.com/bots-planet/go-libs/sentry/sentry.go:172.3,172.13 1 0
github.com/bots-planet/go-libs/sentry/sentry.go:155.40,156.27 1 0
github.com/bots-planet/go-libs/sentry/sentry.go:156.27,168.10 2 0
github.com/bots-planet/go-libs/sentry/sentry.go:177.41,183.2 4 0
github.com/bots-planet/go-libs/sentry/sentry.go:188.57,189.52 1 4
github.com/bots-planet/go-libs/sentry/sentry.go:189.52,191.41 2 4
github.com/bots-planet/go-libs/sentry/sentry.go:199.4,199.17 1 4
github.com/bots-planet/go-libs/sentry/sentry.go:191.41,192.29 1 6
github.com/bots-planet/go-libs/sentry/sentry.go:192.29,195.11 2 3
github.com/bots-planet/go-libs/sentry/sentry.go:204.56,205.52 1 4
github.com/bots-planet/go-libs/sentry/sentry.go:205.52,206.41 1 4
github.com/bots-planet/go-libs/sentry/sentry.go:212.4,212.16 1 1
github.com/bots-planet/go-libs/sentry/sentry.go:206.41,207.28 1 6
github.com/bots-planet/go-libs/sentry/sentry.go:207.28,209.6 1 3
github.com/bots-planet/go-libs/sentry/sentry.go:216.65,218.3 1 5
github.com/bots-planet/go-libs/sentry/sentry.go:220.73,222.3 1 2
github.com/bots-planet/go-libs/sentry/sentry.go:224.71,226.3 1 2
github.com/bots-planet/go-libs/sentry/sentry.go:230.77,233.2 1 0
github.com/bots-planet/go-libs/worker/options.go:13.54,19.2 1 0
github.com/bots-planet/go-libs/worker/worker.go:21.82,29.2 1 0
github.com/bots-planet/go-libs/worker/worker.go:31.57,35.2 2 0
github.com/bots-planet/go-libs/worker/worker.go:37.57,41.2 2 0
github.com/bots-planet/go-libs/worker/worker.go:43.34,45.2 1 0
github.com/bots-planet/go-libs/worker/worker.go:61.32,63.2 1 0
github.com/bots-planet/go-libs/worker/worker.go:66.65,68.12 2 0
github.com/bots-planet/go-libs/worker/worker.go:68.12,74.31 4 0
github.com/bots-planet/go-libs/worker/worker.go:82.3,82.7 1 0
github.com/bots-planet/go-libs/worker/worker.go:74.31,77.42 2 0
github.com/bots-planet/go-libs/worker/worker.go:77.42,79.5 1 0
github.com/bots-planet/go-libs/worker/worker.go:82.7,83.11 1 0
github.com/bots-planet/go-libs/worker/worker.go:84.22,85.24 1 0
github.com/bots-planet/go-libs/worker/worker.go:93.5,95.11 2 0
github.com/bots-planet/go-libs/worker/worker.go:96.20,97.34 1 0
github.com/bots-planet/go-libs/worker/worker.go:101.5,103.43 2 0
github.com/bots-planet/go-libs/worker/worker.go:107.5,107.34 1 0
github.com/bots-planet/go-libs/worker/worker.go:85.24,88.39 2 0
github.com/bots-planet/go-libs/worker/worker.go:88.39,90.7 1 0
github.com/bots-planet/go-libs/worker/worker.go:97.34,99.6 1 0
github.com/bots-planet/go-libs/worker/worker.go:103.43,105.6 1 0
github.com/bots-planet/go-libs/worker/worker.go:107.34,109.6 1 0
github.com/bots-planet/go-libs/password/hash.go:10.52,12.16 2 1
github.com/bots-planet/go-libs/password/hash.go:16.2,16.27 1 1
github.com/bots-planet/go-libs/password/hash.go:12.16,14.3 1 0
github.com/bots-planet/go-libs/password/hash.go:20.76,21.96 1 2
github.com/bots-planet/go-libs/password/hash.go:25.2,25.13 1 1
github.com/bots-planet/go-libs/password/hash.go:21.96,23.3 1 1
github.com/bots-planet/go-libs/redis/client.go:21.65,23.16 2 6
github.com/bots-planet/go-libs/redis/client.go:27.2,32.50 4 6
github.com/bots-planet/go-libs/redis/client.go:36.2,36.36 1 6
github.com/bots-planet/go-libs/redis/client.go:23.16,25.3 1 0
github.com/bots-planet/go-libs/redis/client.go:32.50,34.3 1 0
github.com/bots-planet/go-libs/redis/client.go:40.105,42.16 2 3
github.com/bots-planet/go-libs/redis/client.go:46.2,46.76 1 3
github.com/bots-planet/go-libs/redis/client.go:50.2,50.12 1 3
github.com/bots-planet/go-libs/redis/client.go:42.16,44.3 1 0
github.com/bots-planet/go-libs/redis/client.go:46.76,48.3 1 0
github.com/bots-planet/go-libs/redis/client.go:54.82,56.16 2 4
github.com/bots-planet/go-libs/redis/client.go:64.2,64.63 1 2
github.com/bots-planet/go-libs/redis/client.go:68.2,68.12 1 2
github.com/bots-planet/go-libs/redis/client.go:56.16,57.32 1 2
github.com/bots-planet/go-libs/redis/client.go:61.3,61.72 1 0
github.com/bots-planet/go-libs/redis/client.go:57.32,59.4 1 2
github.com/bots-planet/go-libs/redis/client.go:64.63,66.3 1 0
github.com/bots-planet/go-libs/redis/client.go:72.63,73.59 1 1
github.com/bots-planet/go-libs/redis/client.go:77.2,77.12 1 1
github.com/bots-planet/go-libs/redis/client.go:73.59,75.3 1 0
github.com/bots-planet/go-libs/redis/client.go:80.55,82.2 1 1
github.com/bots-planet/go-libs/redis/client.go:84.67,86.16 2 1
github.com/bots-planet/go-libs/redis/client.go:90.2,91.47 2 1
github.com/bots-planet/go-libs/redis/client.go:95.2,97.12 2 1
github.com/bots-planet/go-libs/redis/client.go:86.16,88.3 1 0
github.com/bots-planet/go-libs/redis/client.go:91.47,93.3 1 0
